#
# A fatal error has been detected by the Java Runtime Environment:
#
#  EXCEPTION_ACCESS_VIOLATION (0xc0000005) at pc=0x000000007081624c, pid=3464, tid=0x0000000000005708
#
# JRE version: Java(TM) SE Runtime Environment (8.0_162-b12) (build 1.8.0_162-b12)
# Java VM: Java HotSpot(TM) 64-Bit Server VM (25.162-b12 mixed mode windows-amd64 compressed oops)
# Problematic frame:
# V  [jvm.dll+0xf624c]
#
# Failed to write core dump. Minidumps are not enabled by default on client versions of Windows
#
# If you would like to submit a bug report, please visit:
#   http://bugreport.java.com/bugreport/crash.jsp
#

---------------  T H R E A D  ---------------

Current thread (0x0000000019a41000):  VMThread [stack: 0x000000001aa00000,0x000000001ab00000] [id=22280]

siginfo: ExceptionCode=0xc0000005, reading address 0x0000003100000016

Registers:
RAX=0x0000003100000006, RBX=0x0000000001e22d50, RCX=0x00000000000000f9, RDX=0x0000000000000075
RSP=0x000000001aaff568, RBP=0x000000001aaff670, RSI=0x00000000000000bb, RDI=0x0000000000000075
R8 =0x0000000019a3ddb0, R9 =0x0000000000000003, R10=0x0000000000000003, R11=0x000000001ddb7948
R12=0x000000001aaff700, R13=0x000000001aaff6f0, R14=0x0000000000000000, R15=0x0000000000000020
RIP=0x000000007081624c, EFLAGS=0x0000000000010202

Top of Stack: (sp=0x000000001aaff568)
0x000000001aaff568:   00000000708f47d6 0000003100000006
0x000000001aaff578:   0000000000000075 00000000000000bb
0x000000001aaff588:   0000000070937595 0000000001ddc1c0
0x000000001aaff598:   00000000215f1d40 0000000003268d88
0x000000001aaff5a8:   0000000003268c78 0000000000000000
0x000000001aaff5b8:   0000000070a1ef6e 0000000003268d87
0x000000001aaff5c8:   0000000001da000a 00000000027e6190
0x000000001aaff5d8:   0000000079010000 00000000215f5590
0x000000001aaff5e8:   00000000707b0f40 0000c44dbb85fdf9
0x000000001aaff5f8:   00000000027e61a0 0000000000028310
0x000000001aaff608:   00000000215f5590 00000000027e61a0
0x000000001aaff618:   00000000707b1644 0000000003268525
0x000000001aaff628:   00000000707bf06e 00000000215f9d28
0x000000001aaff638:   00000007c07cea18 00000000215f1d40
0x000000001aaff648:   00000000707bf22b 0000000000000000
0x000000001aaff658:   00000000707bf34d 000000001aaff720 

Instructions: (pc=0x000000007081624c)
0x000000007081622c:   5f c3 cc cc 48 63 c2 48 8b 44 c1 50 48 89 44 24
0x000000007081623c:   08 48 8b 44 24 08 0f b6 c8 f6 d1 f6 c1 01 74 05
0x000000007081624c:   48 8b 40 10 c3 48 83 e0 fe c3 cc cc cc cc cc cc
0x000000007081625c:   cc cc cc cc 48 89 54 24 10 49 63 c0 48 8b 44 c1 


Register to memory mapping:

RAX=0x0000003100000006 is an unknown value
RBX=0x0000000001e22d50 is an unknown value
RCX=0x00000000000000f9 is an unknown value
RDX=0x0000000000000075 is an unknown value
RSP=0x000000001aaff568 is an unknown value
RBP=0x000000001aaff670 is an unknown value
RSI=0x00000000000000bb is an unknown value
RDI=0x0000000000000075 is an unknown value
R8 =0x0000000019a3ddb0 is an unknown value
R9 =0x0000000000000003 is an unknown value
R10=0x0000000000000003 is an unknown value
R11=0x000000001ddb7948 is pointing into metadata
R12=0x000000001aaff700 is an unknown value
R13=0x000000001aaff6f0 is an unknown value
R14=0x0000000000000000 is an unknown value
R15=0x0000000000000020 is an unknown value


Stack: [0x000000001aa00000,0x000000001ab00000],  sp=0x000000001aaff568,  free space=1021k
Native frames: (J=compiled Java code, j=interpreted, Vv=VM code, C=native code)
V  [jvm.dll+0xf624c]

VM_Operation (0x000000001bfff8a0): RedefineClasses, mode: safepoint, requested by thread 0x0000000019aae800, redefining class com.example.demo.controllers.ClienteController



---------------  P R O C E S S  ---------------

Java Threads: ( => current thread )
  0x000000001eda7000 JavaThread "JMX server connection timeout 101" daemon [_thread_blocked, id=16484, stack(0x0000000022b90000,0x0000000022c90000)]
  0x000000001edaa000 JavaThread "HikariPool-3 housekeeper" daemon [_thread_blocked, id=13728, stack(0x000000001d710000,0x000000001d810000)]
  0x000000001cd68000 JavaThread "container-0" [_thread_blocked, id=17396, stack(0x0000000022c90000,0x0000000022d90000)]
  0x000000001cd69800 JavaThread "Catalina-utility-1" [_thread_blocked, id=6072, stack(0x0000000022880000,0x0000000022980000)]
  0x000000001cd66800 JavaThread "restartedMain" [_thread_blocked, id=18268, stack(0x00000000203d0000,0x00000000204d0000)]
  0x000000001edac000 JavaThread "Thread-16" [_thread_blocked, id=17872, stack(0x0000000024900000,0x0000000024a00000)]
  0x000000001edab800 JavaThread "RMI TCP Connection(10)-127.0.0.1" daemon [_thread_in_native, id=14340, stack(0x0000000024210000,0x0000000024310000)]
  0x000000001cd65800 JavaThread "RMI TCP Connection(9)-127.0.0.1" daemon [_thread_blocked, id=15292, stack(0x00000000247e0000,0x00000000248e0000)]
  0x000000001cd64000 JavaThread "RMI TCP Connection(8)-127.0.0.1" daemon [_thread_in_native, id=14572, stack(0x000000001d820000,0x000000001d920000)]
  0x000000001cd63800 JavaThread "DestroyJavaVM" [_thread_blocked, id=14020, stack(0x00000000023d0000,0x00000000024d0000)]
  0x000000001cd6a000 JavaThread "Live Reload Server" daemon [_thread_in_native, id=8272, stack(0x00000000226c0000,0x00000000227c0000)]
  0x000000001cd67000 JavaThread "Abandoned connection cleanup thread" daemon [_thread_blocked, id=18656, stack(0x00000000205c0000,0x00000000206c0000)]
  0x000000001cbce800 JavaThread "JMX server connection timeout 20" daemon [_thread_blocked, id=12824, stack(0x000000001db90000,0x000000001dc90000)]
  0x000000001cb5c000 JavaThread "RMI TCP Connection(idle)" daemon [_thread_blocked, id=17348, stack(0x000000001d9c0000,0x000000001dac0000)]
  0x000000001caf6000 JavaThread "RMI Scheduler(0)" daemon [_thread_blocked, id=22416, stack(0x000000001cee0000,0x000000001cfe0000)]
  0x000000001c985800 JavaThread "RMI TCP Accept-0" daemon [_thread_in_native, id=20128, stack(0x000000001bb30000,0x000000001bc30000)]
  0x000000001c939000 JavaThread "RMI TCP Accept-55610" daemon [_thread_in_native, id=12600, stack(0x000000001d170000,0x000000001d270000)]
  0x000000001c928000 JavaThread "RMI TCP Accept-0" daemon [_thread_in_native, id=2136, stack(0x000000001d010000,0x000000001d110000)]
  0x000000001afc3000 JavaThread "Service Thread" daemon [_thread_blocked, id=21848, stack(0x000000001c5c0000,0x000000001c6c0000)]
  0x000000001af48800 JavaThread "C1 CompilerThread2" daemon [_thread_blocked, id=18248, stack(0x000000001c4c0000,0x000000001c5c0000)]
  0x000000001af45800 JavaThread "C2 CompilerThread1" daemon [_thread_blocked, id=17576, stack(0x000000001c310000,0x000000001c410000)]
  0x000000001af44000 JavaThread "C2 CompilerThread0" daemon [_thread_blocked, id=18732, stack(0x000000001c210000,0x000000001c310000)]
  0x000000001af2b800 JavaThread "JDWP Command Reader" daemon [_thread_in_native, id=13144, stack(0x000000001c050000,0x000000001c150000)]
  0x000000001af2a000 JavaThread "JDWP Event Helper Thread" daemon [_thread_blocked, id=4856, stack(0x000000001bd10000,0x000000001be10000)]
  0x0000000019aae800 JavaThread "JDWP Transport Listener: dt_socket" daemon [_thread_blocked, id=9000, stack(0x000000001bf00000,0x000000001c000000)]
  0x000000001af1a800 JavaThread "Attach Listener" daemon [_thread_blocked, id=19600, stack(0x000000001b460000,0x000000001b560000)]
  0x000000001af17000 JavaThread "Signal Dispatcher" daemon [_thread_blocked, id=22008, stack(0x000000001b350000,0x000000001b450000)]
  0x0000000019a91800 JavaThread "Finalizer" daemon [_thread_blocked, id=15936, stack(0x000000001ad30000,0x000000001ae30000)]
  0x0000000019a48800 JavaThread "Reference Handler" daemon [_thread_blocked, id=20672, stack(0x000000001ab80000,0x000000001ac80000)]

Other Threads:
=>0x0000000019a41000 VMThread [stack: 0x000000001aa00000,0x000000001ab00000] [id=22280]
  0x000000001c991800 WatcherThread [stack: 0x000000001d3e0000,0x000000001d4e0000] [id=22800]

VM state:at safepoint (normal execution)

VM Mutex/Monitor currently owned by a thread:  ([mutex/lock_event])
[0x0000000001ddbf40] Threads_lock - owner thread: 0x0000000019a41000

Heap:
 PSYoungGen      total 279040K, used 113531K [0x0000000780800000, 0x0000000793480000, 0x00000007c0000000)
  eden space 266752K, 42% used [0x0000000780800000,0x00000007876deeb8,0x0000000790c80000)
  from space 12288K, 0% used [0x0000000792880000,0x0000000792880000,0x0000000793480000)
  to   space 20480K, 0% used [0x0000000790c80000,0x0000000790c80000,0x0000000792080000)
 ParOldGen       total 106496K, used 23104K [0x0000000701800000, 0x0000000708000000, 0x0000000780800000)
  object space 106496K, 21% used [0x0000000701800000,0x0000000702e90050,0x0000000708000000)
 Metaspace       used 55086K, capacity 57482K, committed 57856K, reserved 1099776K
  class space    used 7587K, capacity 8072K, committed 8192K, reserved 1048576K

Card table byte_map: [0x0000000011b60000,0x0000000012160000] byte_map_base: 0x000000000e354000

Marking Bits: (ParMarkBitMap*) 0x0000000070f40860
 Begin Bits: [0x0000000012b70000, 0x0000000015b10000)
 End Bits:   [0x0000000015b10000, 0x0000000018ab0000)

Polling page: 0x0000000000220000

CodeCache: size=245760Kb used=11030Kb max_used=11030Kb free=234729Kb
 bounds [0x00000000027a0000, 0x0000000003270000, 0x00000000117a0000]
 total_blobs=5862 nmethods=5293 adapters=488
 compilation: enabled

Compilation events (10 events):
Event: 110.142 Thread 0x000000001af48800 5380       1       java.util.concurrent.atomic.AtomicReferenceArray::get (10 bytes)
Event: 110.142 Thread 0x000000001af48800 nmethod 5380 0x0000000003267a50 code [0x0000000003267ba0, 0x0000000003267ce8]
Event: 118.530 Thread 0x000000001af48800 5382       1       java.io.ObjectStreamClass$FieldReflectorKey::equals (78 bytes)
Event: 118.530 Thread 0x000000001af48800 nmethod 5382 0x0000000003267d90 code [0x0000000003267f00, 0x00000000032681a8]
Event: 118.541 Thread 0x000000001af48800 5384       1       sun.rmi.transport.tcp.TCPConnection::getOutputStream (30 bytes)
Event: 118.541 Thread 0x000000001af48800 nmethod 5384 0x0000000003268310 code [0x0000000003268480, 0x0000000003268748]
Event: 118.541 Thread 0x000000001af48800 5383       1       java.io.ObjectInputStream$FilterValues::serialClass (5 bytes)
Event: 118.541 Thread 0x000000001af48800 nmethod 5383 0x0000000003268890 code [0x00000000032689e0, 0x0000000003268af0]
Event: 118.565 Thread 0x000000001af48800 5385   !   1       java.io.ObjectOutputStream::writeObject (38 bytes)
Event: 118.565 Thread 0x000000001af48800 nmethod 5385 0x0000000003268b50 code [0x0000000003268cc0, 0x0000000003268eb8]

GC Heap History (10 events):
Event: 5.223 GC heap before
{Heap before GC invocations=10 (full 2):
 PSYoungGen      total 183296K, used 168960K [0x0000000780800000, 0x0000000794200000, 0x00000007c0000000)
  eden space 168960K, 100% used [0x0000000780800000,0x000000078ad00000,0x000000078ad00000)
  from space 14336K, 0% used [0x000000078ad00000,0x000000078ad00000,0x000000078bb00000)
  to   space 17408K, 0% used [0x0000000793100000,0x0000000793100000,0x0000000794200000)
 ParOldGen       total 106496K, used 21035K [0x0000000701800000, 0x0000000708000000, 0x0000000780800000)
  object space 106496K, 19% used [0x0000000701800000,0x0000000702c8af88,0x0000000708000000)
 Metaspace       used 47474K, capacity 49436K, committed 49536K, reserved 1091584K
  class space    used 6604K, capacity 6983K, committed 7040K, reserved 1048576K
Event: 5.240 GC heap after
Heap after GC invocations=10 (full 2):
 PSYoungGen      total 283648K, used 16791K [0x0000000780800000, 0x0000000794180000, 0x00000007c0000000)
  eden space 266752K, 0% used [0x0000000780800000,0x0000000780800000,0x0000000790c80000)
  from space 16896K, 99% used [0x0000000793100000,0x0000000794165d10,0x0000000794180000)
  to   space 19968K, 0% used [0x0000000791a80000,0x0000000791a80000,0x0000000792e00000)
 ParOldGen       total 106496K, used 21043K [0x0000000701800000, 0x0000000708000000, 0x0000000780800000)
  object space 106496K, 19% used [0x0000000701800000,0x0000000702c8cf88,0x0000000708000000)
 Metaspace       used 47474K, capacity 49436K, committed 49536K, reserved 1091584K
  class space    used 6604K, capacity 6983K, committed 7040K, reserved 1048576K
}
Event: 104.866 GC heap before
{Heap before GC invocations=11 (full 2):
 PSYoungGen      total 283648K, used 125583K [0x0000000780800000, 0x0000000794180000, 0x00000007c0000000)
  eden space 266752K, 40% used [0x0000000780800000,0x000000078723e158,0x0000000790c80000)
  from space 16896K, 99% used [0x0000000793100000,0x0000000794165d10,0x0000000794180000)
  to   space 19968K, 0% used [0x0000000791a80000,0x0000000791a80000,0x0000000792e00000)
 ParOldGen       total 106496K, used 21043K [0x0000000701800000, 0x0000000708000000, 0x0000000780800000)
  object space 106496K, 19% used [0x0000000701800000,0x0000000702c8cf88,0x0000000708000000)
 Metaspace       used 54818K, capacity 57000K, committed 57216K, reserved 1097728K
  class space    used 7546K, capacity 7962K, committed 8064K, reserved 1048576K
Event: 104.882 GC heap after
Heap after GC invocations=11 (full 2):
 PSYoungGen      total 281088K, used 14197K [0x0000000780800000, 0x0000000793480000, 0x00000007c0000000)
  eden space 266752K, 0% used [0x0000000780800000,0x0000000780800000,0x0000000790c80000)
  from space 14336K, 99% used [0x0000000791a80000,0x000000079285d7c8,0x0000000792880000)
  to   space 12288K, 0% used [0x0000000792880000,0x0000000792880000,0x0000000793480000)
 ParOldGen       total 106496K, used 21051K [0x0000000701800000, 0x0000000708000000, 0x0000000780800000)
  object space 106496K, 19% used [0x0000000701800000,0x0000000702c8ef88,0x0000000708000000)
 Metaspace       used 54818K, capacity 57000K, committed 57216K, reserved 1097728K
  class space    used 7546K, capacity 7962K, committed 8064K, reserved 1048576K
}
Event: 104.882 GC heap before
{Heap before GC invocations=12 (full 3):
 PSYoungGen      total 281088K, used 14197K [0x0000000780800000, 0x0000000793480000, 0x00000007c0000000)
  eden space 266752K, 0% used [0x0000000780800000,0x0000000780800000,0x0000000790c80000)
  from space 14336K, 99% used [0x0000000791a80000,0x000000079285d7c8,0x0000000792880000)
  to   space 12288K, 0% used [0x0000000792880000,0x0000000792880000,0x0000000793480000)
 ParOldGen       total 106496K, used 21051K [0x0000000701800000, 0x0000000708000000, 0x0000000780800000)
  object space 106496K, 19% used [0x0000000701800000,0x0000000702c8ef88,0x0000000708000000)
 Metaspace       used 54818K, capacity 57000K, committed 57216K, reserved 1097728K
  class space    used 7546K, capacity 7962K, committed 8064K, reserved 1048576K
Event: 105.039 GC heap after
Heap after GC invocations=12 (full 3):
 PSYoungGen      total 281088K, used 0K [0x0000000780800000, 0x0000000793480000, 0x00000007c0000000)
  eden space 266752K, 0% used [0x0000000780800000,0x0000000780800000,0x0000000790c80000)
  from space 14336K, 0% used [0x0000000791a80000,0x0000000791a80000,0x0000000792880000)
  to   space 12288K, 0% used [0x0000000792880000,0x0000000792880000,0x0000000793480000)
 ParOldGen       total 106496K, used 28420K [0x0000000701800000, 0x0000000708000000, 0x0000000780800000)
  object space 106496K, 26% used [0x0000000701800000,0x00000007033c1038,0x0000000708000000)
 Metaspace       used 54811K, capacity 56982K, committed 57216K, reserved 1097728K
  class space    used 7544K, capacity 7959K, committed 8064K, reserved 1048576K
}
Event: 109.263 GC heap before
{Heap before GC invocations=13 (full 3):
 PSYoungGen      total 281088K, used 162465K [0x0000000780800000, 0x0000000793480000, 0x00000007c0000000)
  eden space 266752K, 60% used [0x0000000780800000,0x000000078a6a84a8,0x0000000790c80000)
  from space 14336K, 0% used [0x0000000791a80000,0x0000000791a80000,0x0000000792880000)
  to   space 12288K, 0% used [0x0000000792880000,0x0000000792880000,0x0000000793480000)
 ParOldGen       total 106496K, used 28420K [0x0000000701800000, 0x0000000708000000, 0x0000000780800000)
  object space 106496K, 26% used [0x0000000701800000,0x00000007033c1038,0x0000000708000000)
 Metaspace       used 55005K, capacity 57364K, committed 57472K, reserved 1099776K
  class space    used 7576K, capacity 8059K, committed 8064K, reserved 1048576K
Event: 109.269 GC heap after
Heap after GC invocations=13 (full 3):
 PSYoungGen      total 279040K, used 3861K [0x0000000780800000, 0x0000000793480000, 0x00000007c0000000)
  eden space 266752K, 0% used [0x0000000780800000,0x0000000780800000,0x0000000790c80000)
  from space 12288K, 31% used [0x0000000792880000,0x0000000792c45528,0x0000000793480000)
  to   space 20480K, 0% used [0x0000000790c80000,0x0000000790c80000,0x0000000792080000)
 ParOldGen       total 106496K, used 28428K [0x0000000701800000, 0x0000000708000000, 0x0000000780800000)
  object space 106496K, 26% used [0x0000000701800000,0x00000007033c3038,0x0000000708000000)
 Metaspace       used 55005K, capacity 57364K, committed 57472K, reserved 1099776K
  class space    used 7576K, capacity 8059K, committed 8064K, reserved 1048576K
}
Event: 109.269 GC heap before
{Heap before GC invocations=14 (full 4):
 PSYoungGen      total 279040K, used 3861K [0x0000000780800000, 0x0000000793480000, 0x00000007c0000000)
  eden space 266752K, 0% used [0x0000000780800000,0x0000000780800000,0x0000000790c80000)
  from space 12288K, 31% used [0x0000000792880000,0x0000000792c45528,0x0000000793480000)
  to   space 20480K, 0% used [0x0000000790c80000,0x0000000790c80000,0x0000000792080000)
 ParOldGen       total 106496K, used 28428K [0x0000000701800000, 0x0000000708000000, 0x0000000780800000)
  object space 106496K, 26% used [0x0000000701800000,0x00000007033c3038,0x0000000708000000)
 Metaspace       used 55005K, capacity 57364K, committed 57472K, reserved 1099776K
  class space    used 7576K, capacity 8059K, committed 8064K, reserved 1048576K
Event: 109.452 GC heap after
Heap after GC invocations=14 (full 4):
 PSYoungGen      total 279040K, used 0K [0x0000000780800000, 0x0000000793480000, 0x00000007c0000000)
  eden space 266752K, 0% used [0x0000000780800000,0x0000000780800000,0x0000000790c80000)
  from space 12288K, 0% used [0x0000000792880000,0x0000000792880000,0x0000000793480000)
  to   space 20480K, 0% used [0x0000000790c80000,0x0000000790c80000,0x0000000792080000)
 ParOldGen       total 106496K, used 23104K [0x0000000701800000, 0x0000000708000000, 0x0000000780800000)
  object space 106496K, 21% used [0x0000000701800000,0x0000000702e90050,0x0000000708000000)
 Metaspace       used 55001K, capacity 57358K, committed 57472K, reserved 1099776K
  class space    used 7575K, capacity 8058K, committed 8064K, reserved 1048576K
}

Deoptimization events (0 events):
No events

Classes redefined (3 events):
Event: 103.251 Thread 0x0000000019a41000 redefined class name=com.example.demo.controllers.ClienteController, count=1
Event: 107.903 Thread 0x0000000019a41000 redefined class name=com.example.demo.controllers.ClienteController, count=1
Event: 107.921 Thread 0x0000000019a41000 redefined class name=com.example.demo.controllers.ClienteController, count=2

Internal exceptions (10 events):
Event: 109.997 Thread 0x000000001cd66800 Implicit null exception at 0x0000000002cb09a5 to 0x0000000002cb0c0d
Event: 109.997 Thread 0x000000001cd66800 Exception <a 'java/lang/NullPointerException'> (0x00000007868cb2a0) thrown at [C:\re\workspace\8-2-build-windows-amd64-cygwin\jdk8u162\10278\hotspot\src\share\vm\runtime\sharedRuntime.cpp, line 605]
Event: 109.997 Thread 0x000000001cd66800 Implicit null exception at 0x0000000002cb09a5 to 0x0000000002cb0c0d
Event: 109.997 Thread 0x000000001cd66800 Exception <a 'java/lang/NullPointerException'> (0x00000007868cc058) thrown at [C:\re\workspace\8-2-build-windows-amd64-cygwin\jdk8u162\10278\hotspot\src\share\vm\runtime\sharedRuntime.cpp, line 605]
Event: 109.997 Thread 0x000000001cd66800 Implicit null exception at 0x0000000002cb09a5 to 0x0000000002cb0c0d
Event: 109.997 Thread 0x000000001cd66800 Exception <a 'java/lang/NullPointerException'> (0x00000007868cce08) thrown at [C:\re\workspace\8-2-build-windows-amd64-cygwin\jdk8u162\10278\hotspot\src\share\vm\runtime\sharedRuntime.cpp, line 605]
Event: 110.000 Thread 0x000000001cd66800 Exception <a 'java/lang/ArrayIndexOutOfBoundsException'> (0x000000078693d678) thrown at [C:\re\workspace\8-2-build-windows-amd64-cygwin\jdk8u162\10278\hotspot\src\share\vm\runtime\sharedRuntime.cpp, line 605]
Event: 110.004 Thread 0x000000001cd66800 Exception <a 'java/lang/ArrayIndexOutOfBoundsException'> (0x00000007869839b0) thrown at [C:\re\workspace\8-2-build-windows-amd64-cygwin\jdk8u162\10278\hotspot\src\share\vm\runtime\sharedRuntime.cpp, line 605]
Event: 110.053 Thread 0x000000001cd66800 Exception <a 'java/lang/ArrayIndexOutOfBoundsException'> (0x0000000786da8a60) thrown at [C:\re\workspace\8-2-build-windows-amd64-cygwin\jdk8u162\10278\hotspot\src\share\vm\runtime\sharedRuntime.cpp, line 605]
Event: 110.075 Thread 0x000000001cd66800 Exception <a 'java/lang/ArrayIndexOutOfBoundsException'> (0x0000000786f5c458) thrown at [C:\re\workspace\8-2-build-windows-amd64-cygwin\jdk8u162\10278\hotspot\src\share\vm\runtime\sharedRuntime.cpp, line 605]

Events (10 events):
Event: 119.988 Executing VM operation: RevokeBias done
Event: 119.989 Executing VM operation: RevokeBias
Event: 119.989 Executing VM operation: RevokeBias done
Event: 119.990 Executing VM operation: RevokeBias
Event: 119.990 Executing VM operation: RevokeBias done
Event: 119.991 Executing VM operation: RevokeBias
Event: 119.991 Executing VM operation: RevokeBias done
Event: 119.991 Executing VM operation: RevokeBias
Event: 119.992 Executing VM operation: RevokeBias done
Event: 123.613 Executing VM operation: RedefineClasses


Dynamic libraries:
0x000000013f2f0000 - 0x000000013f327000 	C:\Program Files\Java\jre1.8.0_162\bin\javaw.exe
0x0000000077460000 - 0x00000000775ff000 	C:\Windows\SYSTEM32\ntdll.dll
0x0000000077240000 - 0x000000007735f000 	C:\Windows\system32\kernel32.dll
0x000007fefd2f0000 - 0x000007fefd35a000 	C:\Windows\system32\KERNELBASE.dll
0x000007fefec50000 - 0x000007fefed2b000 	C:\Windows\system32\ADVAPI32.dll
0x000007feff3d0000 - 0x000007feff46f000 	C:\Windows\system32\msvcrt.dll
0x000007fefdda0000 - 0x000007fefddbf000 	C:\Windows\SYSTEM32\sechost.dll
0x000007fefd780000 - 0x000007fefd8ad000 	C:\Windows\system32\RPCRT4.dll
0x0000000077360000 - 0x000000007745a000 	C:\Windows\system32\USER32.dll
0x000007fefd930000 - 0x000007fefd997000 	C:\Windows\system32\GDI32.dll
0x000007fefdd90000 - 0x000007fefdd9e000 	C:\Windows\system32\LPK.dll
0x000007fefeb80000 - 0x000007fefec4b000 	C:\Windows\system32\USP10.dll
0x000007fefba50000 - 0x000007fefbc44000 	C:\Windows\WinSxS\amd64_microsoft.windows.common-controls_6595b64144ccf1df_6.0.7601.18837_none_fa3b1e3d17594757\COMCTL32.dll
0x000007fefd8b0000 - 0x000007fefd921000 	C:\Windows\system32\SHLWAPI.dll
0x000007fefeb50000 - 0x000007fefeb7e000 	C:\Windows\system32\IMM32.DLL
0x000007feff2c0000 - 0x000007feff3c9000 	C:\Windows\system32\MSCTF.dll
0x0000000079350000 - 0x0000000079421000 	C:\Program Files\Java\jre1.8.0_162\bin\msvcr100.dll
0x0000000070720000 - 0x0000000070fc0000 	C:\Program Files\Java\jre1.8.0_162\bin\server\jvm.dll
0x000007fef2d80000 - 0x000007fef2d89000 	C:\Windows\system32\WSOCK32.dll
0x000007feff660000 - 0x000007feff6ad000 	C:\Windows\system32\WS2_32.dll
0x000007feff650000 - 0x000007feff658000 	C:\Windows\system32\NSI.dll
0x000007fefafe0000 - 0x000007fefb01b000 	C:\Windows\system32\WINMM.dll
0x000007fefc310000 - 0x000007fefc31c000 	C:\Windows\system32\VERSION.dll
0x0000000077600000 - 0x0000000077607000 	C:\Windows\system32\PSAPI.DLL
0x0000000057520000 - 0x000000005752f000 	C:\Program Files\Java\jre1.8.0_162\bin\verify.dll
0x000000006d1b0000 - 0x000000006d1d9000 	C:\Program Files\Java\jre1.8.0_162\bin\java.dll
0x000000006d240000 - 0x000000006d275000 	C:\Program Files\Java\jre1.8.0_162\bin\jdwp.dll
0x00000000703e0000 - 0x00000000703e8000 	C:\Program Files\Java\jre1.8.0_162\bin\npt.dll
0x0000000071380000 - 0x0000000071396000 	C:\Program Files\Java\jre1.8.0_162\bin\zip.dll
0x000007fefddc0000 - 0x000007fefeb4a000 	C:\Windows\system32\SHELL32.dll
0x000007fefd9a0000 - 0x000007fefdb9f000 	C:\Windows\system32\ole32.dll
0x000007fefcfb0000 - 0x000007fefcfbf000 	C:\Windows\system32\profapi.dll
0x000000006d360000 - 0x000000006d369000 	C:\Program Files\Java\jre1.8.0_162\bin\dt_socket.dll
0x000007fef8a20000 - 0x000007fef8a35000 	C:\Windows\system32\NLAapi.dll
0x000007fef0ae0000 - 0x000007fef0af5000 	C:\Windows\system32\napinsp.dll
0x000007fef0ac0000 - 0x000007fef0ad9000 	C:\Windows\system32\pnrpnsp.dll
0x000007fefc7f0000 - 0x000007fefc845000 	C:\Windows\System32\mswsock.dll
0x000007fefc520000 - 0x000007fefc57b000 	C:\Windows\system32\DNSAPI.dll
0x000007fef0ab0000 - 0x000007fef0abb000 	C:\Windows\System32\winrnr.dll
0x000007fef0aa0000 - 0x000007fef0ab0000 	C:\Windows\system32\wshbth.dll
0x000000006f0f0000 - 0x000000006f116000 	C:\Program Files\Bonjour\mdnsNSP.dll
0x000007fefab50000 - 0x000007fefab77000 	C:\Windows\system32\Iphlpapi.DLL
0x000007fefab40000 - 0x000007fefab4b000 	C:\Windows\system32\WINNSI.DLL
0x000007fef6ad0000 - 0x000007fef6b23000 	C:\Windows\System32\fwpuclnt.dll
0x000007fef4830000 - 0x000007fef4838000 	C:\Windows\system32\rasadhlp.dll
0x000007fefc060000 - 0x000007fefc067000 	C:\Windows\System32\wshtcpip.dll
0x000000006fff0000 - 0x000000006fffd000 	C:\Program Files\Java\jre1.8.0_162\bin\management.dll
0x0000000070260000 - 0x000000007027a000 	C:\Program Files\Java\jre1.8.0_162\bin\net.dll
0x000007fefc6e0000 - 0x000007fefc6e7000 	C:\Windows\System32\wship6.dll
0x0000000070310000 - 0x0000000070321000 	C:\Program Files\Java\jre1.8.0_162\bin\nio.dll
0x000007fefc990000 - 0x000007fefc9a8000 	C:\Windows\system32\CRYPTSP.dll
0x000007fefc690000 - 0x000007fefc6d7000 	C:\Windows\system32\rsaenh.dll
0x000007fefd2d0000 - 0x000007fefd2ee000 	C:\Windows\system32\USERENV.dll
0x000007fefce10000 - 0x000007fefce1f000 	C:\Windows\system32\CRYPTBASE.dll
0x000007fef69f0000 - 0x000007fef6a08000 	C:\Windows\system32\dhcpcsvc.DLL
0x000007fef6a10000 - 0x000007fef6a21000 	C:\Windows\system32\dhcpcsvc6.DLL
0x000007fef77f0000 - 0x000007fef7915000 	C:\Windows\system32\dbghelp.dll

VM Arguments:
jvm_args: -agentlib:jdwp=transport=dt_socket,suspend=y,address=localhost:55611 -Dcom.sun.management.jmxremote -Dcom.sun.management.jmxremote.port=55610 -Dcom.sun.management.jmxremote.authenticate=false -Dcom.sun.management.jmxremote.ssl=false -Djava.rmi.server.hostname=localhost -Dspring.liveBeansView.mbeanDomain -Dspring.application.admin.enabled=true -Xverify:none -XX:TieredStopAtLevel=1 -Dfile.encoding=UTF-8 
java_command: com.example.demo.DemoApplication
java_class_path (initial): C:\Program Files\Java\jre1.8.0_162\lib\resources.jar;C:\Program Files\Java\jre1.8.0_162\lib\rt.jar;C:\Program Files\Java\jre1.8.0_162\lib\jsse.jar;C:\Program Files\Java\jre1.8.0_162\lib\jce.jar;C:\Program Files\Java\jre1.8.0_162\lib\charsets.jar;C:\Program Files\Java\jre1.8.0_162\lib\jfr.jar;C:\Program Files\Java\jre1.8.0_162\lib\ext\access-bridge-64.jar;C:\Program Files\Java\jre1.8.0_162\lib\ext\cldrdata.jar;C:\Program Files\Java\jre1.8.0_162\lib\ext\dnsns.jar;C:\Program Files\Java\jre1.8.0_162\lib\ext\jaccess.jar;C:\Program Files\Java\jre1.8.0_162\lib\ext\jfxrt.jar;C:\Program Files\Java\jre1.8.0_162\lib\ext\localedata.jar;C:\Program Files\Java\jre1.8.0_162\lib\ext\nashorn.jar;C:\Program Files\Java\jre1.8.0_162\lib\ext\sunec.jar;C:\Program Files\Java\jre1.8.0_162\lib\ext\sunjce_provider.jar;C:\Program Files\Java\jre1.8.0_162\lib\ext\sunmscapi.jar;C:\Program Files\Java\jre1.8.0_162\lib\ext\sunpkcs11.jar;C:\Program Files\Java\jre1.8.0_162\lib\ext\zipfs.jar;C:\Users\sebastian.romero\eclipse-workspace-photon\demo\target\classes;C:\Users\sebastian.romero\.m2\repository\org\springframework\boot\spring-boot-starter-thymeleaf\2.1.2.RELEASE\spring-boot-starter-thymeleaf-2.1.2.RELEASE.jar;C:\Users\sebastian.romero\.m2\repository\org\springframework\boot\spring-boot-starter\2.1.2.RELEASE\spring-boot-starter-2.1.2.RELEASE.jar;C:\Users\sebastian.romero\.m2\repository\org\springframework\boot\spring-boot-starter-logging\2.1.2.RELEASE\spring-boot-starter-logging-2.1.2.RELEASE.jar;C:\Users\sebastian.romero\.m2\repository\ch\qos\logback\logback-classic\1.2.3\logback-classic-1.2.3.jar;C:\Users\sebastian.romero\.m2\repository\ch\qos\logback\logback-core\1.2.3\logback-core-1.2.3.jar;C:\Users\sebastian.romero\.m2\repository\org\apache\logging\log4j\log4j-to-slf4j\2.11.1\log4j-to-slf4j-2.11.1.jar;C:\Users\sebastian.romero\.m2\repository\org\apache\logging\log4j\log4j-api\2.11.1\log4j-api-2.11.1.jar;C:\Users\sebastian.romero\.m2\repository\org\slf4j\jul-to-sl
Launcher Type: SUN_STANDARD

Environment Variables:
PATH=C:/Program Files/Java/jre1.8.0_162/bin/server;C:/Program Files/Java/jre1.8.0_162/bin;C:/Program Files/Java/jre1.8.0_162/lib/amd64;C:\PROGRA~2\CA\SC\etpki\lib;C:\Program Files (x86)\Common Files\Oracle\Java\javapath;C:\ProgramData\Oracle\Java\javapath;c:\Program Files (x86)\Intel\iCLS Client\;c:\Program Files\Intel\iCLS Client\;C:\Windows\system32;C:\Windows;C:\Windows\System32\Wbem;C:\Windows\System32\WindowsPowerShell\v1.0\;C:\Program Files (x86)\Intel\OpenCL SDK\3.0\bin\x86;C:\Program Files (x86)\Intel\OpenCL SDK\3.0\bin\x64;C:\Program Files\Intel\WiFi\bin\;C:\Program Files\Common Files\Intel\WirelessCommon\;C:\Program Files\Intel\Intel(R) Management Engine Components\DAL;C:\Program Files\Intel\Intel(R) Management Engine Components\IPT;C:\Program Files (x86)\Intel\Intel(R) Management Engine Components\DAL;C:\Program Files (x86)\Intel\Intel(R) Management Engine Components\IPT;C:\Program Files\Git\cmd;C:\Program Files\PuTTY\;C:\Gradle\bin;C:\Program Files\nodejs\;C:\Program Files (x86)\CA\Cryptography\;C:\Program Files (x86)\CA\SCM;C:\apache-maven-3.6.0\bin;C:\curl-7.64.0\bin;C:\Program Files (x86)\Nmap;C:\Program Files\nodejs;C:\Users\sebastian.romero\AppData\Roaming\npm;C:\Users\sebastian.romero\Desktop;
USERNAME=sebastian.romero
OS=Windows_NT
PROCESSOR_IDENTIFIER=Intel64 Family 6 Model 69 Stepping 1, GenuineIntel



---------------  S Y S T E M  ---------------

OS: Windows 7 , 64 bit Build 7601 (6.1.7601.24354)

CPU:total 4 (initial active 4) (2 cores per cpu, 2 threads per core) family 6 model 69 stepping 1, cmov, cx8, fxsr, mmx, sse, sse2, sse3, ssse3, sse4.1, sse4.2, popcnt, avx, avx2, aes, clmul, erms, lzcnt, ht, tsc, tscinvbit, bmi1, bmi2

Memory: 4k page, physical 12477552k(1141596k free), swap 24953200k(11534360k free)

vm_info: Java HotSpot(TM) 64-Bit Server VM (25.162-b12) for windows-amd64 JRE (1.8.0_162-b12), built on Dec 19 2017 20:00:03 by "java_re" with MS VC++ 10.0 (VS2010)

time: Thu Feb 14 10:09:10 2019
elapsed time: 123 seconds (0d 0h 2m 3s)

